Build started 10/12/2012 4:31:39 AM.
     1>Project "C:\Users\Nguyen Tien Thinh\SkyDrive\ERCP Project\Source Code\Thinh\ERCP2v2\ERCP2v2\ERCP2v2.vcxproj" on node 2 (build target(s)).
     1>InitializeBuildStatus:
         Creating "Debug\ERCP2v2.unsuccessfulbuild" because "AlwaysCreate" was specified.
       CustomBuild:
         Uic'ing ercp2v2.ui...
       ClCompile:
         c:\Program Files\Microsoft Visual Studio 10.0\VC\bin\CL.exe /c /I.\GeneratedFiles /I. /IC:\Qt\4.8.3\include /I.\GeneratedFiles\Debug /IC:\Qt\4.8.3\include\QtCore /IC:\Qt\4.8.3\include\QtGui /IC:\Qt\4.8.3\include\QtOpenGL /Zi /nologo /W1 /WX- /Od /Oy- /D UNICODE /D WIN32 /D QT_LARGEFILE_SUPPORT /D QT_DLL /D QT_CORE_LIB /D QT_GUI_LIB /D QT_OPENGL_LIB /Gm- /EHsc /MDd /GS /fp:precise /Zc:wchar_t- /Zc:forScope /Fo"Debug\\" /Fd"Debug\vc100.pdb" /Gd /TP /analyze- /errorReport:prompt GeneratedFiles\Debug\moc_ercp2v2.cpp ercp2v2.cpp main.cpp openglpanel.cpp
         moc_ercp2v2.cpp
         ercp2v2.cpp
         main.cpp
         openglpanel.cpp
         Generating Code...
         All outputs are up-to-date.
       Link:
         c:\Program Files\Microsoft Visual Studio 10.0\VC\bin\link.exe /ERRORREPORT:PROMPT /OUT:"C:\Users\Nguyen Tien Thinh\SkyDrive\ERCP Project\Source Code\Thinh\ERCP2v2\Win32\Debug\\ERCP2v2.exe" /NOLOGO /LIBPATH:C:\Qt\4.8.3\lib qtmaind.lib QtCored4.lib QtGuid4.lib QtOpenGLd4.lib opengl32.lib glu32.lib kernel32.lib user32.lib gdi32.lib winspool.lib comdlg32.lib advapi32.lib shell32.lib ole32.lib oleaut32.lib uuid.lib odbc32.lib odbccp32.lib /MANIFEST /ManifestFile:"Debug\ERCP2v2.exe.intermediate.manifest" /MANIFESTUAC:"level='asInvoker' uiAccess='false'" /DEBUG /PDB:"C:\Users\Nguyen Tien Thinh\SkyDrive\ERCP Project\Source Code\Thinh\ERCP2v2\Win32\Debug\ERCP2v2.pdb" /SUBSYSTEM:WINDOWS /TLBID:1 /DYNAMICBASE /NXCOMPAT /IMPLIB:"C:\Users\Nguyen Tien Thinh\SkyDrive\ERCP Project\Source Code\Thinh\ERCP2v2\Win32\Debug\ERCP2v2.lib" /MACHINE:X86 Debug\ercp2v2.obj
         Debug\moc_ercp2v2.obj
         Debug\moc_modelgl.obj
         Debug\moc_openglpanel.obj
         Debug\qrc_ercp2v2.obj
         Debug\glmmodel.obj
         Debug\main.obj
         Debug\modelgl.obj
         Debug\openglpanel.obj
         LINK : C:\Users\Nguyen Tien Thinh\SkyDrive\ERCP Project\Source Code\Thinh\ERCP2v2\Win32\Debug\\ERCP2v2.exe not found or not built by the last incremental link; performing full link
         ERCP2v2.vcxproj -> C:\Users\Nguyen Tien Thinh\SkyDrive\ERCP Project\Source Code\Thinh\ERCP2v2\Win32\Debug\ERCP2v2.exe
       Manifest:
         C:\Program Files\Microsoft SDKs\Windows\v7.0A\bin\mt.exe /nologo /verbose /outputresource:"C:\Users\Nguyen Tien Thinh\SkyDrive\ERCP Project\Source Code\Thinh\ERCP2v2\Win32\Debug\\ERCP2v2.exe;#1" /manifest Debug\ERCP2v2.exe.intermediate.manifest
       FinalizeBuildStatus:
         Deleting file "Debug\ERCP2v2.unsuccessfulbuild".
         Touching "Debug\ERCP2v2.lastbuildstate".
     1>Done Building Project "C:\Users\Nguyen Tien Thinh\SkyDrive\ERCP Project\Source Code\Thinh\ERCP2v2\ERCP2v2\ERCP2v2.vcxproj" (build target(s)).

Build succeeded.

Time Elapsed 00:00:09.66
